<?xml version="1.0" encoding="UTF-8"?>
<coverage generated="1713251990082" clover="3.2.0">
  <project timestamp="1713251990082" name="All files">
    <metrics statements="69" coveredstatements="62" conditionals="32" coveredconditionals="28" methods="24" coveredmethods="20" elements="125" coveredelements="110" complexity="0" loc="69" ncloc="69" packages="1" files="1" classes="1"/>
    <file name="server.js" path="C:\Users\domin\Desktop\Portfolio_project\server\server.js">
      <metrics statements="69" coveredstatements="62" conditionals="32" coveredconditionals="28" methods="24" coveredmethods="20"/>
      <line num="1" count="5" type="stmt"/>
      <line num="2" count="5" type="stmt"/>
      <line num="4" count="5" type="stmt"/>
      <line num="5" count="5" type="stmt"/>
      <line num="6" count="5" type="stmt"/>
      <line num="8" count="5" type="stmt"/>
      <line num="9" count="5" type="stmt"/>
      <line num="12" count="5" type="stmt"/>
      <line num="13" count="6" type="stmt"/>
      <line num="15" count="6" type="stmt"/>
      <line num="17" count="6" type="stmt"/>
      <line num="19" count="6" type="stmt"/>
      <line num="21" count="6" type="stmt"/>
      <line num="22" count="3300" type="stmt"/>
      <line num="23" count="600" type="stmt"/>
      <line num="33" count="6" type="cond" truecount="4" falsecount="0"/>
      <line num="34" count="2" type="stmt"/>
      <line num="35" count="919" type="cond" truecount="1" falsecount="1"/>
      <line num="36" count="919" type="cond" truecount="2" falsecount="0"/>
      <line num="38" count="0" type="cond" truecount="0" falsecount="2"/>
      <line num="43" count="6" type="cond" truecount="2" falsecount="0"/>
      <line num="44" count="100" type="stmt"/>
      <line num="47" count="6" type="cond" truecount="4" falsecount="0"/>
      <line num="48" count="100" type="cond" truecount="2" falsecount="0"/>
      <line num="51" count="6" type="cond" truecount="2" falsecount="0"/>
      <line num="52" count="1" type="stmt"/>
      <line num="55" count="6" type="stmt"/>
      <line num="59" count="5" type="stmt"/>
      <line num="60" count="2" type="stmt"/>
      <line num="62" count="2" type="stmt"/>
      <line num="63" count="11" type="stmt"/>
      <line num="66" count="2" type="cond" truecount="2" falsecount="0"/>
      <line num="67" count="1" type="stmt"/>
      <line num="68" count="1" type="stmt"/>
      <line num="71" count="1" type="stmt"/>
      <line num="73" count="0" type="stmt"/>
      <line num="74" count="0" type="stmt"/>
      <line num="76" count="0" type="stmt"/>
      <line num="81" count="0" type="stmt"/>
      <line num="85" count="5" type="stmt"/>
      <line num="86" count="2" type="stmt"/>
      <line num="88" count="2" type="stmt"/>
      <line num="90" count="2" type="stmt"/>
      <line num="91" count="200" type="stmt"/>
      <line num="93" count="2" type="stmt"/>
      <line num="94" count="10" type="stmt"/>
      <line num="95" count="50000" type="stmt"/>
      <line num="96" count="500" type="stmt"/>
      <line num="99" count="2" type="stmt"/>
      <line num="104" count="5" type="stmt"/>
      <line num="105" count="5" type="stmt"/>
      <line num="107" count="5" type="stmt"/>
      <line num="110" count="5" type="stmt"/>
      <line num="111" count="5" type="stmt"/>
      <line num="112" count="22" type="cond" truecount="6" falsecount="0"/>
      <line num="116" count="4" type="stmt"/>
      <line num="117" count="4" type="stmt"/>
      <line num="121" count="5" type="cond" truecount="2" falsecount="0"/>
      <line num="122" count="4" type="stmt"/>
      <line num="124" count="1" type="stmt"/>
      <line num="129" count="5" type="stmt"/>
      <line num="130" count="1" type="stmt"/>
      <line num="132" count="1" type="stmt"/>
      <line num="141" count="1" type="stmt"/>
      <line num="143" count="1" type="stmt"/>
      <line num="146" count="5" type="cond" truecount="1" falsecount="1"/>
      <line num="147" count="0" type="stmt"/>
      <line num="148" count="0" type="stmt"/>
      <line num="152" count="5" type="stmt"/>
    </file>
  </project>
</coverage>
