{"C:\\Users\\domin\\Desktop\\projects\\Portfolio_project\\server\\server.js": {"path":"C:\\Users\\domin\\Desktop\\projects\\Portfolio_project\\server\\server.js","statementMap":{"0":{"start":{"line":1,"column":16},"end":{"line":1,"column":34}},"1":{"start":{"line":2,"column":13},"end":{"line":2,"column":28}},"2":{"start":{"line":4,"column":12},"end":{"line":4,"column":21}},"3":{"start":{"line":5,"column":13},"end":{"line":5,"column":17}},"4":{"start":{"line":6,"column":15},"end":{"line":6,"column":53}},"5":{"start":{"line":8,"column":0},"end":{"line":8,"column":16}},"6":{"start":{"line":9,"column":0},"end":{"line":9,"column":24}},"7":{"start":{"line":12,"column":0},"end":{"line":56,"column":3}},"8":{"start":{"line":13,"column":65},"end":{"line":13,"column":74}},"9":{"start":{"line":15,"column":18},"end":{"line":15,"column":84}},"10":{"start":{"line":15,"column":68},"end":{"line":15,"column":83}},"11":{"start":{"line":17,"column":18},"end":{"line":17,"column":84}},"12":{"start":{"line":17,"column":68},"end":{"line":17,"column":83}},"13":{"start":{"line":19,"column":17},"end":{"line":19,"column":19}},"14":{"start":{"line":21,"column":4},"end":{"line":30,"column":5}},"15":{"start":{"line":22,"column":21},"end":{"line":22,"column":66}},"16":{"start":{"line":22,"column":42},"end":{"line":22,"column":65}},"17":{"start":{"line":23,"column":8},"end":{"line":29,"column":11}},"18":{"start":{"line":33,"column":4},"end":{"line":41,"column":5}},"19":{"start":{"line":34,"column":8},"end":{"line":40,"column":11}},"20":{"start":{"line":35,"column":12},"end":{"line":39,"column":13}},"21":{"start":{"line":36,"column":16},"end":{"line":36,"column":54}},"22":{"start":{"line":38,"column":16},"end":{"line":38,"column":54}},"23":{"start":{"line":43,"column":4},"end":{"line":45,"column":5}},"24":{"start":{"line":44,"column":8},"end":{"line":44,"column":61}},"25":{"start":{"line":44,"column":41},"end":{"line":44,"column":59}},"26":{"start":{"line":47,"column":4},"end":{"line":49,"column":5}},"27":{"start":{"line":48,"column":8},"end":{"line":48,"column":95}},"28":{"start":{"line":48,"column":41},"end":{"line":48,"column":93}},"29":{"start":{"line":51,"column":4},"end":{"line":53,"column":5}},"30":{"start":{"line":52,"column":8},"end":{"line":52,"column":40}},"31":{"start":{"line":55,"column":4},"end":{"line":55,"column":33}},"32":{"start":{"line":59,"column":0},"end":{"line":82,"column":3}},"33":{"start":{"line":60,"column":19},"end":{"line":60,"column":29}},"34":{"start":{"line":62,"column":18},"end":{"line":62,"column":84}},"35":{"start":{"line":62,"column":68},"end":{"line":62,"column":83}},"36":{"start":{"line":63,"column":17},"end":{"line":63,"column":52}},"37":{"start":{"line":63,"column":38},"end":{"line":63,"column":51}},"38":{"start":{"line":66,"column":4},"end":{"line":69,"column":5}},"39":{"start":{"line":67,"column":8},"end":{"line":67,"column":58}},"40":{"start":{"line":68,"column":8},"end":{"line":68,"column":15}},"41":{"start":{"line":71,"column":24},"end":{"line":71,"column":147}},"42":{"start":{"line":71,"column":131},"end":{"line":71,"column":146}},"43":{"start":{"line":73,"column":19},"end":{"line":73,"column":84}},"44":{"start":{"line":73,"column":68},"end":{"line":73,"column":83}},"45":{"start":{"line":74,"column":23},"end":{"line":74,"column":67}},"46":{"start":{"line":74,"column":48},"end":{"line":74,"column":66}},"47":{"start":{"line":76,"column":19},"end":{"line":80,"column":5}},"48":{"start":{"line":81,"column":4},"end":{"line":81,"column":33}},"49":{"start":{"line":85,"column":0},"end":{"line":100,"column":3}},"50":{"start":{"line":86,"column":19},"end":{"line":86,"column":29}},"51":{"start":{"line":88,"column":19},"end":{"line":88,"column":21}},"52":{"start":{"line":90,"column":19},"end":{"line":90,"column":86}},"53":{"start":{"line":90,"column":70},"end":{"line":90,"column":85}},"54":{"start":{"line":91,"column":23},"end":{"line":91,"column":67}},"55":{"start":{"line":91,"column":48},"end":{"line":91,"column":66}},"56":{"start":{"line":93,"column":4},"end":{"line":97,"column":5}},"57":{"start":{"line":94,"column":23},"end":{"line":94,"column":88}},"58":{"start":{"line":94,"column":72},"end":{"line":94,"column":87}},"59":{"start":{"line":95,"column":28},"end":{"line":95,"column":77}},"60":{"start":{"line":95,"column":51},"end":{"line":95,"column":76}},"61":{"start":{"line":96,"column":8},"end":{"line":96,"column":68}},"62":{"start":{"line":96,"column":53},"end":{"line":96,"column":65}},"63":{"start":{"line":99,"column":4},"end":{"line":99,"column":33}},"64":{"start":{"line":104,"column":0},"end":{"line":126,"column":3}},"65":{"start":{"line":105,"column":22},"end":{"line":105,"column":32}},"66":{"start":{"line":107,"column":18},"end":{"line":107,"column":84}},"67":{"start":{"line":107,"column":68},"end":{"line":107,"column":83}},"68":{"start":{"line":110,"column":15},"end":{"line":110,"column":19}},"69":{"start":{"line":111,"column":4},"end":{"line":119,"column":5}},"70":{"start":{"line":112,"column":8},"end":{"line":118,"column":9}},"71":{"start":{"line":116,"column":12},"end":{"line":116,"column":21}},"72":{"start":{"line":117,"column":12},"end":{"line":117,"column":18}},"73":{"start":{"line":121,"column":4},"end":{"line":125,"column":5}},"74":{"start":{"line":122,"column":8},"end":{"line":122,"column":35}},"75":{"start":{"line":124,"column":8},"end":{"line":124,"column":58}},"76":{"start":{"line":129,"column":0},"end":{"line":144,"column":3}},"77":{"start":{"line":130,"column":32},"end":{"line":130,"column":40}},"78":{"start":{"line":132,"column":19},"end":{"line":141,"column":40}},"79":{"start":{"line":141,"column":24},"end":{"line":141,"column":39}},"80":{"start":{"line":143,"column":4},"end":{"line":143,"column":33}},"81":{"start":{"line":146,"column":0},"end":{"line":150,"column":1}},"82":{"start":{"line":147,"column":4},"end":{"line":149,"column":7}},"83":{"start":{"line":148,"column":8},"end":{"line":148,"column":57}},"84":{"start":{"line":152,"column":0},"end":{"line":152,"column":21}}},"fnMap":{"0":{"name":"(anonymous_0)","decl":{"start":{"line":12,"column":18},"end":{"line":12,"column":19}},"loc":{"start":{"line":12,"column":38},"end":{"line":56,"column":1}},"line":12},"1":{"name":"(anonymous_1)","decl":{"start":{"line":15,"column":54},"end":{"line":15,"column":55}},"loc":{"start":{"line":15,"column":68},"end":{"line":15,"column":83}},"line":15},"2":{"name":"(anonymous_2)","decl":{"start":{"line":17,"column":54},"end":{"line":17,"column":55}},"loc":{"start":{"line":17,"column":68},"end":{"line":17,"column":83}},"line":17},"3":{"name":"(anonymous_3)","decl":{"start":{"line":22,"column":32},"end":{"line":22,"column":33}},"loc":{"start":{"line":22,"column":42},"end":{"line":22,"column":65}},"line":22},"4":{"name":"(anonymous_4)","decl":{"start":{"line":34,"column":20},"end":{"line":34,"column":21}},"loc":{"start":{"line":34,"column":30},"end":{"line":40,"column":9}},"line":34},"5":{"name":"(anonymous_5)","decl":{"start":{"line":44,"column":31},"end":{"line":44,"column":32}},"loc":{"start":{"line":44,"column":41},"end":{"line":44,"column":59}},"line":44},"6":{"name":"(anonymous_6)","decl":{"start":{"line":48,"column":31},"end":{"line":48,"column":32}},"loc":{"start":{"line":48,"column":41},"end":{"line":48,"column":93}},"line":48},"7":{"name":"(anonymous_7)","decl":{"start":{"line":59,"column":22},"end":{"line":59,"column":23}},"loc":{"start":{"line":59,"column":42},"end":{"line":82,"column":1}},"line":59},"8":{"name":"(anonymous_8)","decl":{"start":{"line":62,"column":54},"end":{"line":62,"column":55}},"loc":{"start":{"line":62,"column":68},"end":{"line":62,"column":83}},"line":62},"9":{"name":"(anonymous_9)","decl":{"start":{"line":63,"column":28},"end":{"line":63,"column":29}},"loc":{"start":{"line":63,"column":38},"end":{"line":63,"column":51}},"line":63},"10":{"name":"(anonymous_10)","decl":{"start":{"line":71,"column":119},"end":{"line":71,"column":120}},"loc":{"start":{"line":71,"column":131},"end":{"line":71,"column":146}},"line":71},"11":{"name":"(anonymous_11)","decl":{"start":{"line":73,"column":56},"end":{"line":73,"column":57}},"loc":{"start":{"line":73,"column":68},"end":{"line":73,"column":83}},"line":73},"12":{"name":"(anonymous_12)","decl":{"start":{"line":74,"column":37},"end":{"line":74,"column":38}},"loc":{"start":{"line":74,"column":48},"end":{"line":74,"column":66}},"line":74},"13":{"name":"(anonymous_13)","decl":{"start":{"line":85,"column":23},"end":{"line":85,"column":24}},"loc":{"start":{"line":85,"column":43},"end":{"line":100,"column":1}},"line":85},"14":{"name":"(anonymous_14)","decl":{"start":{"line":90,"column":56},"end":{"line":90,"column":57}},"loc":{"start":{"line":90,"column":70},"end":{"line":90,"column":85}},"line":90},"15":{"name":"(anonymous_15)","decl":{"start":{"line":91,"column":37},"end":{"line":91,"column":38}},"loc":{"start":{"line":91,"column":48},"end":{"line":91,"column":66}},"line":91},"16":{"name":"(anonymous_16)","decl":{"start":{"line":94,"column":60},"end":{"line":94,"column":61}},"loc":{"start":{"line":94,"column":72},"end":{"line":94,"column":87}},"line":94},"17":{"name":"(anonymous_17)","decl":{"start":{"line":95,"column":42},"end":{"line":95,"column":43}},"loc":{"start":{"line":95,"column":51},"end":{"line":95,"column":76}},"line":95},"18":{"name":"(anonymous_18)","decl":{"start":{"line":96,"column":43},"end":{"line":96,"column":44}},"loc":{"start":{"line":96,"column":53},"end":{"line":96,"column":65}},"line":96},"19":{"name":"(anonymous_19)","decl":{"start":{"line":104,"column":26},"end":{"line":104,"column":27}},"loc":{"start":{"line":104,"column":46},"end":{"line":126,"column":1}},"line":104},"20":{"name":"(anonymous_20)","decl":{"start":{"line":107,"column":54},"end":{"line":107,"column":55}},"loc":{"start":{"line":107,"column":68},"end":{"line":107,"column":83}},"line":107},"21":{"name":"(anonymous_21)","decl":{"start":{"line":129,"column":19},"end":{"line":129,"column":20}},"loc":{"start":{"line":129,"column":39},"end":{"line":144,"column":1}},"line":129},"22":{"name":"(anonymous_22)","decl":{"start":{"line":141,"column":12},"end":{"line":141,"column":13}},"loc":{"start":{"line":141,"column":24},"end":{"line":141,"column":39}},"line":141},"23":{"name":"(anonymous_23)","decl":{"start":{"line":147,"column":21},"end":{"line":147,"column":22}},"loc":{"start":{"line":147,"column":27},"end":{"line":149,"column":5}},"line":147}},"branchMap":{"0":{"loc":{"start":{"line":33,"column":4},"end":{"line":41,"column":5}},"type":"if","locations":[{"start":{"line":33,"column":4},"end":{"line":41,"column":5}},{"start":{},"end":{}}],"line":33},"1":{"loc":{"start":{"line":33,"column":8},"end":{"line":33,"column":23}},"type":"binary-expr","locations":[{"start":{"line":33,"column":8},"end":{"line":33,"column":14}},{"start":{"line":33,"column":18},"end":{"line":33,"column":23}}],"line":33},"2":{"loc":{"start":{"line":35,"column":12},"end":{"line":39,"column":13}},"type":"if","locations":[{"start":{"line":35,"column":12},"end":{"line":39,"column":13}},{"start":{"line":37,"column":19},"end":{"line":39,"column":13}}],"line":35},"3":{"loc":{"start":{"line":36,"column":23},"end":{"line":36,"column":53}},"type":"cond-expr","locations":[{"start":{"line":36,"column":47},"end":{"line":36,"column":48}},{"start":{"line":36,"column":51},"end":{"line":36,"column":53}}],"line":36},"4":{"loc":{"start":{"line":38,"column":23},"end":{"line":38,"column":53}},"type":"cond-expr","locations":[{"start":{"line":38,"column":47},"end":{"line":38,"column":48}},{"start":{"line":38,"column":51},"end":{"line":38,"column":53}}],"line":38},"5":{"loc":{"start":{"line":43,"column":4},"end":{"line":45,"column":5}},"type":"if","locations":[{"start":{"line":43,"column":4},"end":{"line":45,"column":5}},{"start":{},"end":{}}],"line":43},"6":{"loc":{"start":{"line":47,"column":4},"end":{"line":49,"column":5}},"type":"if","locations":[{"start":{"line":47,"column":4},"end":{"line":49,"column":5}},{"start":{},"end":{}}],"line":47},"7":{"loc":{"start":{"line":47,"column":8},"end":{"line":47,"column":30}},"type":"binary-expr","locations":[{"start":{"line":47,"column":8},"end":{"line":47,"column":17}},{"start":{"line":47,"column":21},"end":{"line":47,"column":30}}],"line":47},"8":{"loc":{"start":{"line":48,"column":41},"end":{"line":48,"column":93}},"type":"binary-expr","locations":[{"start":{"line":48,"column":41},"end":{"line":48,"column":65}},{"start":{"line":48,"column":69},"end":{"line":48,"column":93}}],"line":48},"9":{"loc":{"start":{"line":51,"column":4},"end":{"line":53,"column":5}},"type":"if","locations":[{"start":{"line":51,"column":4},"end":{"line":53,"column":5}},{"start":{},"end":{}}],"line":51},"10":{"loc":{"start":{"line":66,"column":4},"end":{"line":69,"column":5}},"type":"if","locations":[{"start":{"line":66,"column":4},"end":{"line":69,"column":5}},{"start":{},"end":{}}],"line":66},"11":{"loc":{"start":{"line":112,"column":8},"end":{"line":118,"column":9}},"type":"if","locations":[{"start":{"line":112,"column":8},"end":{"line":118,"column":9}},{"start":{},"end":{}}],"line":112},"12":{"loc":{"start":{"line":112,"column":12},"end":{"line":115,"column":59}},"type":"binary-expr","locations":[{"start":{"line":112,"column":12},"end":{"line":112,"column":56}},{"start":{"line":113,"column":12},"end":{"line":113,"column":60}},{"start":{"line":114,"column":12},"end":{"line":114,"column":57}},{"start":{"line":115,"column":12},"end":{"line":115,"column":59}}],"line":112},"13":{"loc":{"start":{"line":121,"column":4},"end":{"line":125,"column":5}},"type":"if","locations":[{"start":{"line":121,"column":4},"end":{"line":125,"column":5}},{"start":{"line":123,"column":11},"end":{"line":125,"column":5}}],"line":121},"14":{"loc":{"start":{"line":146,"column":0},"end":{"line":150,"column":1}},"type":"if","locations":[{"start":{"line":146,"column":0},"end":{"line":150,"column":1}},{"start":{},"end":{}}],"line":146}},"s":{"0":5,"1":5,"2":5,"3":5,"4":5,"5":5,"6":5,"7":5,"8":6,"9":6,"10":6,"11":6,"12":6,"13":6,"14":6,"15":600,"16":3300,"17":600,"18":6,"19":2,"20":919,"21":919,"22":0,"23":6,"24":1,"25":100,"26":6,"27":1,"28":100,"29":6,"30":1,"31":6,"32":5,"33":2,"34":2,"35":2,"36":2,"37":11,"38":2,"39":1,"40":1,"41":1,"42":1,"43":1,"44":1,"45":1,"46":100,"47":1,"48":1,"49":5,"50":2,"51":2,"52":2,"53":2,"54":2,"55":200,"56":2,"57":10,"58":10,"59":10,"60":50000,"61":10,"62":500,"63":2,"64":5,"65":5,"66":5,"67":5,"68":5,"69":5,"70":22,"71":4,"72":4,"73":5,"74":4,"75":1,"76":5,"77":1,"78":1,"79":1,"80":1,"81":5,"82":0,"83":0,"84":5},"f":{"0":6,"1":6,"2":6,"3":3300,"4":919,"5":100,"6":100,"7":2,"8":2,"9":11,"10":1,"11":1,"12":100,"13":2,"14":2,"15":200,"16":10,"17":50000,"18":500,"19":5,"20":5,"21":1,"22":1,"23":0},"b":{"0":[2,4],"1":[6,2],"2":[919,0],"3":[337,582],"4":[0,0],"5":[1,5],"6":[1,5],"7":[6,1],"8":[100,96],"9":[1,5],"10":[1,1],"11":[4,18],"12":[22,21,20,19],"13":[4,1],"14":[0,5]},"_coverageSchema":"1a1c01bbd47fc00a2c39e90264f33305004495a9","hash":"d995ce71ed4844b1918042e301f7de7888c9022c"}
}
