TN:
SF:server.js
FN:12,(anonymous_0)
FN:15,(anonymous_1)
FN:17,(anonymous_2)
FN:22,(anonymous_3)
FN:34,(anonymous_4)
FN:44,(anonymous_5)
FN:48,(anonymous_6)
FN:59,(anonymous_7)
FN:62,(anonymous_8)
FN:63,(anonymous_9)
FN:71,(anonymous_10)
FN:73,(anonymous_11)
FN:74,(anonymous_12)
FN:85,(anonymous_13)
FN:90,(anonymous_14)
FN:91,(anonymous_15)
FN:94,(anonymous_16)
FN:95,(anonymous_17)
FN:96,(anonymous_18)
FN:104,(anonymous_19)
FN:107,(anonymous_20)
FN:129,(anonymous_21)
FN:141,(anonymous_22)
FN:147,(anonymous_23)
FNF:24
FNH:20
FNDA:6,(anonymous_0)
FNDA:6,(anonymous_1)
FNDA:6,(anonymous_2)
FNDA:3300,(anonymous_3)
FNDA:919,(anonymous_4)
FNDA:100,(anonymous_5)
FNDA:100,(anonymous_6)
FNDA:2,(anonymous_7)
FNDA:2,(anonymous_8)
FNDA:11,(anonymous_9)
FNDA:0,(anonymous_10)
FNDA:0,(anonymous_11)
FNDA:0,(anonymous_12)
FNDA:2,(anonymous_13)
FNDA:2,(anonymous_14)
FNDA:200,(anonymous_15)
FNDA:10,(anonymous_16)
FNDA:50000,(anonymous_17)
FNDA:500,(anonymous_18)
FNDA:5,(anonymous_19)
FNDA:5,(anonymous_20)
FNDA:1,(anonymous_21)
FNDA:1,(anonymous_22)
FNDA:0,(anonymous_23)
DA:1,5
DA:2,5
DA:4,5
DA:5,5
DA:6,5
DA:8,5
DA:9,5
DA:12,5
DA:13,6
DA:15,6
DA:17,6
DA:19,6
DA:21,6
DA:22,3300
DA:23,600
DA:33,6
DA:34,2
DA:35,919
DA:36,919
DA:38,0
DA:43,6
DA:44,100
DA:47,6
DA:48,100
DA:51,6
DA:52,1
DA:55,6
DA:59,5
DA:60,2
DA:62,2
DA:63,11
DA:66,2
DA:67,1
DA:68,1
DA:71,1
DA:73,0
DA:74,0
DA:76,0
DA:81,0
DA:85,5
DA:86,2
DA:88,2
DA:90,2
DA:91,200
DA:93,2
DA:94,10
DA:95,50000
DA:96,500
DA:99,2
DA:104,5
DA:105,5
DA:107,5
DA:110,5
DA:111,5
DA:112,22
DA:116,4
DA:117,4
DA:121,5
DA:122,4
DA:124,1
DA:129,5
DA:130,1
DA:132,1
DA:141,1
DA:143,1
DA:146,5
DA:147,0
DA:148,0
DA:152,5
LF:69
LH:62
BRDA:33,0,0,2
BRDA:33,0,1,4
BRDA:33,1,0,6
BRDA:33,1,1,2
BRDA:35,2,0,919
BRDA:35,2,1,0
BRDA:36,3,0,337
BRDA:36,3,1,582
BRDA:38,4,0,0
BRDA:38,4,1,0
BRDA:43,5,0,1
BRDA:43,5,1,5
BRDA:47,6,0,1
BRDA:47,6,1,5
BRDA:47,7,0,6
BRDA:47,7,1,1
BRDA:48,8,0,100
BRDA:48,8,1,96
BRDA:51,9,0,1
BRDA:51,9,1,5
BRDA:66,10,0,1
BRDA:66,10,1,1
BRDA:112,11,0,4
BRDA:112,11,1,18
BRDA:112,12,0,22
BRDA:112,12,1,21
BRDA:112,12,2,20
BRDA:112,12,3,19
BRDA:121,13,0,4
BRDA:121,13,1,1
BRDA:146,14,0,0
BRDA:146,14,1,5
BRF:32
BRH:28
end_of_record
