<?xml version="1.0" encoding="UTF-8"?>
<coverage generated="1713784152628" clover="3.2.0">
  <project timestamp="1713784152628" name="All files">
    <metrics statements="40" coveredstatements="24" conditionals="2" coveredconditionals="1" methods="12" coveredmethods="9" elements="54" coveredelements="34" complexity="0" loc="40" ncloc="40" packages="1" files="1" classes="1"/>
    <file name="index.js" path="C:\Users\domin\Desktop\Portfolio_project\client\index.js">
      <metrics statements="40" coveredstatements="24" conditionals="2" coveredconditionals="1" methods="12" coveredmethods="9"/>
      <line num="3" count="7" type="stmt"/>
      <line num="4" count="0" type="stmt"/>
      <line num="7" count="7" type="stmt"/>
      <line num="8" count="23" type="stmt"/>
      <line num="10" count="23" type="stmt"/>
      <line num="20" count="23" type="stmt"/>
      <line num="23" count="7" type="stmt"/>
      <line num="25" count="46" type="stmt"/>
      <line num="26" count="0" type="stmt"/>
      <line num="27" count="0" type="stmt"/>
      <line num="33" count="2" type="stmt"/>
      <line num="34" count="2" type="stmt"/>
      <line num="38" count="4" type="stmt"/>
      <line num="39" count="4" type="stmt"/>
      <line num="44" count="1" type="stmt"/>
      <line num="46" count="1" type="stmt"/>
      <line num="55" count="1" type="stmt"/>
      <line num="58" count="1" type="cond" truecount="1" falsecount="1"/>
      <line num="59" count="1" type="stmt"/>
      <line num="61" count="0" type="stmt"/>
      <line num="65" count="1" type="stmt"/>
      <line num="66" count="1" type="stmt"/>
      <line num="68" count="1" type="stmt"/>
      <line num="70" count="1" type="stmt"/>
      <line num="72" count="1" type="stmt"/>
      <line num="73" count="0" type="stmt"/>
      <line num="74" count="0" type="stmt"/>
      <line num="75" count="0" type="stmt"/>
      <line num="76" count="0" type="stmt"/>
      <line num="77" count="0" type="stmt"/>
      <line num="79" count="0" type="stmt"/>
      <line num="81" count="0" type="stmt"/>
      <line num="85" count="1" type="stmt"/>
      <line num="87" count="1" type="stmt"/>
      <line num="88" count="0" type="stmt"/>
      <line num="90" count="0" type="stmt"/>
      <line num="91" count="0" type="stmt"/>
      <line num="93" count="0" type="stmt"/>
      <line num="95" count="0" type="stmt"/>
      <line num="100" count="1" type="stmt"/>
    </file>
  </project>
</coverage>
