{"C:\\Users\\domin\\Desktop\\projects\\Portfolio_project\\client\\index.js": {"path":"C:\\Users\\domin\\Desktop\\projects\\Portfolio_project\\client\\index.js","statementMap":{"0":{"start":{"line":3,"column":4},"end":{"line":5,"column":5}},"1":{"start":{"line":4,"column":8},"end":{"line":4,"column":62}},"2":{"start":{"line":7,"column":4},"end":{"line":21,"column":7}},"3":{"start":{"line":8,"column":28},"end":{"line":8,"column":57}},"4":{"start":{"line":10,"column":8},"end":{"line":19,"column":10}},"5":{"start":{"line":20,"column":8},"end":{"line":20,"column":48}},"6":{"start":{"line":23,"column":4},"end":{"line":29,"column":5}},"7":{"start":{"line":23,"column":17},"end":{"line":23,"column":18}},"8":{"start":{"line":25,"column":8},"end":{"line":28,"column":11}},"9":{"start":{"line":26,"column":25},"end":{"line":26,"column":102}},"10":{"start":{"line":27,"column":12},"end":{"line":27,"column":67}},"11":{"start":{"line":33,"column":18},"end":{"line":33,"column":94}},"12":{"start":{"line":33,"column":78},"end":{"line":33,"column":93}},"13":{"start":{"line":34,"column":4},"end":{"line":34,"column":39}},"14":{"start":{"line":38,"column":18},"end":{"line":38,"column":185}},"15":{"start":{"line":38,"column":169},"end":{"line":38,"column":184}},"16":{"start":{"line":39,"column":4},"end":{"line":39,"column":39}},"17":{"start":{"line":44,"column":32},"end":{"line":44,"column":36}},"18":{"start":{"line":46,"column":23},"end":{"line":55,"column":44}},"19":{"start":{"line":55,"column":28},"end":{"line":55,"column":43}},"20":{"start":{"line":58,"column":8},"end":{"line":62,"column":9}},"21":{"start":{"line":59,"column":12},"end":{"line":59,"column":45}},"22":{"start":{"line":61,"column":12},"end":{"line":61,"column":36}},"23":{"start":{"line":65,"column":0},"end":{"line":98,"column":3}},"24":{"start":{"line":66,"column":27},"end":{"line":66,"column":59}},"25":{"start":{"line":68,"column":4},"end":{"line":68,"column":31}},"26":{"start":{"line":70,"column":17},"end":{"line":70,"column":58}},"27":{"start":{"line":72,"column":4},"end":{"line":82,"column":7}},"28":{"start":{"line":73,"column":23},"end":{"line":73,"column":42}},"29":{"start":{"line":74,"column":22},"end":{"line":74,"column":27}},"30":{"start":{"line":75,"column":21},"end":{"line":75,"column":43}},"31":{"start":{"line":76,"column":26},"end":{"line":76,"column":55}},"32":{"start":{"line":77,"column":26},"end":{"line":77,"column":53}},"33":{"start":{"line":79,"column":8},"end":{"line":79,"column":27}},"34":{"start":{"line":81,"column":8},"end":{"line":81,"column":79}},"35":{"start":{"line":85,"column":21},"end":{"line":85,"column":59}},"36":{"start":{"line":87,"column":4},"end":{"line":96,"column":7}},"37":{"start":{"line":88,"column":8},"end":{"line":88,"column":27}},"38":{"start":{"line":90,"column":24},"end":{"line":90,"column":46}},"39":{"start":{"line":91,"column":23},"end":{"line":91,"column":24}},"40":{"start":{"line":93,"column":8},"end":{"line":93,"column":35}},"41":{"start":{"line":95,"column":8},"end":{"line":95,"column":33}},"42":{"start":{"line":100,"column":0},"end":{"line":100,"column":67}}},"fnMap":{"0":{"name":"renderPosts","decl":{"start":{"line":1,"column":9},"end":{"line":1,"column":20}},"loc":{"start":{"line":1,"column":44},"end":{"line":30,"column":1}},"line":1},"1":{"name":"(anonymous_1)","decl":{"start":{"line":7,"column":18},"end":{"line":7,"column":19}},"loc":{"start":{"line":7,"column":26},"end":{"line":21,"column":5}},"line":7},"2":{"name":"(anonymous_2)","decl":{"start":{"line":25,"column":85},"end":{"line":25,"column":86}},"loc":{"start":{"line":25,"column":91},"end":{"line":28,"column":9}},"line":25},"3":{"name":"fetchPosts","decl":{"start":{"line":32,"column":15},"end":{"line":32,"column":25}},"loc":{"start":{"line":32,"column":42},"end":{"line":35,"column":1}},"line":32},"4":{"name":"(anonymous_4)","decl":{"start":{"line":33,"column":66},"end":{"line":33,"column":67}},"loc":{"start":{"line":33,"column":78},"end":{"line":33,"column":93}},"line":33},"5":{"name":"filterPosts","decl":{"start":{"line":37,"column":15},"end":{"line":37,"column":26}},"loc":{"start":{"line":37,"column":86},"end":{"line":40,"column":1}},"line":37},"6":{"name":"(anonymous_6)","decl":{"start":{"line":38,"column":157},"end":{"line":38,"column":158}},"loc":{"start":{"line":38,"column":169},"end":{"line":38,"column":184}},"line":38},"7":{"name":"addPost","decl":{"start":{"line":42,"column":15},"end":{"line":42,"column":22}},"loc":{"start":{"line":42,"column":29},"end":{"line":63,"column":1}},"line":42},"8":{"name":"(anonymous_8)","decl":{"start":{"line":55,"column":16},"end":{"line":55,"column":17}},"loc":{"start":{"line":55,"column":28},"end":{"line":55,"column":43}},"line":55},"9":{"name":"(anonymous_9)","decl":{"start":{"line":65,"column":46},"end":{"line":65,"column":47}},"loc":{"start":{"line":65,"column":52},"end":{"line":98,"column":1}},"line":65},"10":{"name":"(anonymous_10)","decl":{"start":{"line":72,"column":36},"end":{"line":72,"column":37}},"loc":{"start":{"line":72,"column":49},"end":{"line":82,"column":5}},"line":72},"11":{"name":"(anonymous_11)","decl":{"start":{"line":87,"column":40},"end":{"line":87,"column":41}},"loc":{"start":{"line":87,"column":53},"end":{"line":96,"column":5}},"line":87}},"branchMap":{"0":{"loc":{"start":{"line":58,"column":8},"end":{"line":62,"column":9}},"type":"if","locations":[{"start":{"line":58,"column":8},"end":{"line":62,"column":9}},{"start":{"line":60,"column":15},"end":{"line":62,"column":9}}],"line":58}},"s":{"0":2,"1":0,"2":2,"3":10,"4":10,"5":10,"6":2,"7":2,"8":20,"9":0,"10":0,"11":1,"12":1,"13":1,"14":0,"15":0,"16":0,"17":0,"18":0,"19":0,"20":0,"21":0,"22":0,"23":1,"24":0,"25":0,"26":0,"27":0,"28":0,"29":0,"30":0,"31":0,"32":0,"33":0,"34":0,"35":0,"36":0,"37":0,"38":0,"39":0,"40":0,"41":0,"42":1},"f":{"0":2,"1":10,"2":0,"3":1,"4":1,"5":0,"6":0,"7":0,"8":0,"9":0,"10":0,"11":0},"b":{"0":[0,0]},"_coverageSchema":"1a1c01bbd47fc00a2c39e90264f33305004495a9","hash":"f40b1794795d92e9709ecf08d4303f5704a60869"}
}
