TN:
SF:index.js
FN:1,renderPosts
FN:7,(anonymous_1)
FN:25,(anonymous_2)
FN:32,fetchPosts
FN:33,(anonymous_4)
FN:37,filterPosts
FN:38,(anonymous_6)
FN:42,addPost
FN:55,(anonymous_8)
FN:65,(anonymous_9)
FN:72,(anonymous_10)
FN:87,(anonymous_11)
FNF:12
FNH:9
FNDA:7,renderPosts
FNDA:23,(anonymous_1)
FNDA:0,(anonymous_2)
FNDA:2,fetchPosts
FNDA:2,(anonymous_4)
FNDA:4,filterPosts
FNDA:4,(anonymous_6)
FNDA:1,addPost
FNDA:1,(anonymous_8)
FNDA:1,(anonymous_9)
FNDA:0,(anonymous_10)
FNDA:0,(anonymous_11)
DA:3,7
DA:4,0
DA:7,7
DA:8,23
DA:10,23
DA:20,23
DA:23,7
DA:25,46
DA:26,0
DA:27,0
DA:33,2
DA:34,2
DA:38,4
DA:39,4
DA:44,1
DA:46,1
DA:55,1
DA:58,1
DA:59,1
DA:61,0
DA:65,1
DA:66,1
DA:68,1
DA:70,1
DA:72,1
DA:73,0
DA:74,0
DA:75,0
DA:76,0
DA:77,0
DA:79,0
DA:81,0
DA:85,1
DA:87,1
DA:88,0
DA:90,0
DA:91,0
DA:93,0
DA:95,0
DA:100,1
LF:40
LH:24
BRDA:58,0,0,1
BRDA:58,0,1,0
BRF:2
BRH:1
end_of_record
TN:
SF:photoAlbum.js
FN:9,renderProfile
FN:29,renderGalleryContent
FN:45,(anonymous_2)
FN:52,loadProfile
FN:53,(anonymous_4)
FN:58,loadGalleryContent
FN:59,(anonymous_6)
FN:63,(anonymous_7)
FN:64,(anonymous_8)
FNF:9
FNH:9
FNDA:2,renderProfile
FNDA:1,renderGalleryContent
FNDA:50,(anonymous_2)
FNDA:2,loadProfile
FNDA:1,(anonymous_4)
FNDA:2,loadGalleryContent
FNDA:1,(anonymous_6)
FNDA:1,(anonymous_7)
FNDA:10,(anonymous_8)
DA:1,1
DA:2,1
DA:3,1
DA:5,1
DA:6,1
DA:7,1
DA:10,2
DA:12,2
DA:30,1
DA:31,1
DA:33,1
DA:41,1
DA:45,1
DA:46,50
DA:47,50
DA:48,50
DA:53,2
DA:55,1
DA:59,2
DA:61,1
DA:63,1
DA:64,10
DA:66,0
DA:68,0
DA:70,0
DA:73,1
DA:74,1
DA:76,1
LF:28
LH:25
BRF:0
BRH:0
end_of_record
TN:
SF:profile.js
FN:8,renderProfile
FN:27,renderGalleries
FN:33,(anonymous_2)
FN:43,(anonymous_3)
FN:50,renderRecentPosts
FN:55,(anonymous_5)
FN:71,loadProfile
FN:72,(anonymous_7)
FN:78,loadGalleries
FN:79,(anonymous_9)
FN:85,loadRecentPosts
FN:86,(anonymous_11)
FNF:12
FNH:9
FNDA:2,renderProfile
FNDA:2,renderGalleries
FNDA:0,(anonymous_2)
FNDA:0,(anonymous_3)
FNDA:2,renderRecentPosts
FNDA:0,(anonymous_5)
FNDA:2,loadProfile
FNDA:1,(anonymous_7)
FNDA:2,loadGalleries
FNDA:1,(anonymous_9)
FNDA:2,loadRecentPosts
FNDA:1,(anonymous_11)
DA:1,1
DA:2,1
DA:3,1
DA:5,1
DA:6,1
DA:10,2
DA:29,2
DA:33,0
DA:34,0
DA:35,0
DA:36,0
DA:37,0
DA:38,0
DA:39,0
DA:42,0
DA:43,0
DA:44,0
DA:45,0
DA:51,2
DA:55,0
DA:56,0
DA:57,0
DA:67,0
DA:72,2
DA:74,1
DA:79,2
DA:80,1
DA:82,1
DA:86,2
DA:87,1
DA:88,1
DA:90,1
DA:93,1
DA:94,1
DA:95,1
DA:97,1
LF:36
LH:21
BRF:0
BRH:0
end_of_record
