TN:
SF:index.js
FN:1,renderPosts
FN:7,(anonymous_1)
FN:25,(anonymous_2)
FN:32,fetchPosts
FN:33,(anonymous_4)
FN:37,filterPosts
FN:38,(anonymous_6)
FN:42,addPost
FN:55,(anonymous_8)
FN:65,(anonymous_9)
FN:72,(anonymous_10)
FN:87,(anonymous_11)
FNF:12
FNH:9
FNDA:7,renderPosts
FNDA:23,(anonymous_1)
FNDA:0,(anonymous_2)
FNDA:2,fetchPosts
FNDA:2,(anonymous_4)
FNDA:4,filterPosts
FNDA:4,(anonymous_6)
FNDA:1,addPost
FNDA:1,(anonymous_8)
FNDA:1,(anonymous_9)
FNDA:0,(anonymous_10)
FNDA:0,(anonymous_11)
DA:3,7
DA:4,0
DA:7,7
DA:8,23
DA:10,23
DA:20,23
DA:23,7
DA:25,46
DA:26,0
DA:27,0
DA:33,2
DA:34,2
DA:38,4
DA:39,4
DA:44,1
DA:46,1
DA:55,1
DA:58,1
DA:59,1
DA:61,0
DA:65,1
DA:66,1
DA:68,1
DA:70,1
DA:72,1
DA:73,0
DA:74,0
DA:75,0
DA:76,0
DA:77,0
DA:79,0
DA:81,0
DA:85,1
DA:87,1
DA:88,0
DA:90,0
DA:91,0
DA:93,0
DA:95,0
DA:100,1
LF:40
LH:24
BRDA:58,0,0,1
BRDA:58,0,1,0
BRF:2
BRH:1
end_of_record
